<?xml version="1.0" encoding="UTF-8"?>
<coverage generated="1718194832734" clover="3.2.0">
  <project timestamp="1718194832734" name="All files">
    <metrics statements="49" coveredstatements="30" conditionals="8" coveredconditionals="4" methods="21" coveredmethods="9" elements="78" coveredelements="43" complexity="0" loc="49" ncloc="49" packages="1" files="9" classes="9"/>
    <file name="async.js" path="/Users/levastation/Documents/WEB_APP/NODEJS/udemi-certification/NodeJs-UnitTest-Learn/src/async.js">
      <metrics statements="9" coveredstatements="9" conditionals="2" coveredconditionals="2" methods="4" coveredmethods="4"/>
      <line num="1" count="3" type="stmt"/>
      <line num="2" count="6" type="stmt"/>
      <line num="3" count="6" type="stmt"/>
      <line num="4" count="6" type="cond" truecount="2" falsecount="0"/>
      <line num="5" count="5" type="stmt"/>
      <line num="7" count="1" type="stmt"/>
      <line num="13" count="3" type="stmt"/>
      <line num="14" count="3" type="stmt"/>
      <line num="15" count="1" type="stmt"/>
    </file>
    <file name="database.js" path="/Users/levastation/Documents/WEB_APP/NODEJS/udemi-certification/NodeJs-UnitTest-Learn/src/database.js">
      <metrics statements="4" coveredstatements="0" conditionals="0" coveredconditionals="0" methods="2" coveredmethods="0"/>
      <line num="1" count="0" type="stmt"/>
      <line num="3" count="0" type="stmt"/>
      <line num="6" count="0" type="stmt"/>
      <line num="8" count="0" type="stmt"/>
    </file>
    <file name="exception.js" path="/Users/levastation/Documents/WEB_APP/NODEJS/udemi-certification/NodeJs-UnitTest-Learn/src/exception.js">
      <metrics statements="4" coveredstatements="4" conditionals="2" coveredconditionals="2" methods="1" coveredmethods="1"/>
      <line num="3" count="1" type="stmt"/>
      <line num="4" count="4" type="cond" truecount="2" falsecount="0"/>
      <line num="5" count="3" type="stmt"/>
      <line num="7" count="1" type="stmt"/>
    </file>
    <file name="index.js" path="/Users/levastation/Documents/WEB_APP/NODEJS/udemi-certification/NodeJs-UnitTest-Learn/src/index.js">
      <metrics statements="0" coveredstatements="0" conditionals="0" coveredconditionals="0" methods="0" coveredmethods="0"/>
    </file>
    <file name="product-service.js" path="/Users/levastation/Documents/WEB_APP/NODEJS/udemi-certification/NodeJs-UnitTest-Learn/src/product-service.js">
      <metrics statements="2" coveredstatements="0" conditionals="0" coveredconditionals="0" methods="2" coveredmethods="0"/>
      <line num="6" count="0" type="stmt"/>
      <line num="10" count="0" type="stmt"/>
    </file>
    <file name="sayHello.js" path="/Users/levastation/Documents/WEB_APP/NODEJS/udemi-certification/NodeJs-UnitTest-Learn/src/sayHello.js">
      <metrics statements="4" coveredstatements="0" conditionals="2" coveredconditionals="0" methods="1" coveredmethods="0"/>
      <line num="1" count="0" type="stmt"/>
      <line num="2" count="0" type="cond" truecount="0" falsecount="2"/>
      <line num="3" count="0" type="stmt"/>
      <line num="5" count="0" type="stmt"/>
    </file>
    <file name="sum.js" path="/Users/levastation/Documents/WEB_APP/NODEJS/udemi-certification/NodeJs-UnitTest-Learn/src/sum.js">
      <metrics statements="17" coveredstatements="17" conditionals="0" coveredconditionals="0" methods="4" coveredmethods="4"/>
      <line num="1" count="7" type="stmt"/>
      <line num="2" count="5" type="stmt"/>
      <line num="5" count="7" type="stmt"/>
      <line num="6" count="13" type="stmt"/>
      <line num="7" count="13" type="stmt"/>
      <line num="8" count="45" type="stmt"/>
      <line num="10" count="13" type="stmt"/>
      <line num="13" count="7" type="stmt"/>
      <line num="14" count="7" type="stmt"/>
      <line num="15" count="7" type="stmt"/>
      <line num="16" count="28" type="stmt"/>
      <line num="18" count="7" type="stmt"/>
      <line num="21" count="7" type="stmt"/>
      <line num="22" count="5" type="stmt"/>
      <line num="23" count="5" type="stmt"/>
      <line num="24" count="17" type="stmt"/>
      <line num="26" count="5" type="stmt"/>
    </file>
    <file name="user-repository.js" path="/Users/levastation/Documents/WEB_APP/NODEJS/udemi-certification/NodeJs-UnitTest-Learn/src/user-repository.js">
      <metrics statements="3" coveredstatements="0" conditionals="0" coveredconditionals="0" methods="3" coveredmethods="0"/>
      <line num="4" count="0" type="stmt"/>
      <line num="8" count="0" type="stmt"/>
      <line num="12" count="0" type="stmt"/>
    </file>
    <file name="user-service.js" path="/Users/levastation/Documents/WEB_APP/NODEJS/udemi-certification/NodeJs-UnitTest-Learn/src/user-service.js">
      <metrics statements="6" coveredstatements="0" conditionals="2" coveredconditionals="0" methods="4" coveredmethods="0"/>
      <line num="5" count="0" type="cond" truecount="0" falsecount="2"/>
      <line num="6" count="0" type="stmt"/>
      <line num="8" count="0" type="stmt"/>
      <line num="13" count="0" type="stmt"/>
      <line num="17" count="0" type="stmt"/>
      <line num="21" count="0" type="stmt"/>
    </file>
  </project>
</coverage>
